<?xml version="1.0" encoding="UTF-8"?>
<!-- Generated by org.testng.reporters.JUnitReportReporter -->
<testsuite hostname="DESKTOP-8V1HR8S" failures="0" tests="1" name="qa.testcase.LaunchPageTest" time="0.015" errors="0" timestamp="20 Nov 2021 07:59:14 GMT" skipped="0">
  <testcase classname="qa.testcase.LaunchPageTest" name="CheckIfSiteCorrect" time="0.015"/>
</testsuite> <!-- qa.testcase.LaunchPageTest -->
